(N) 2021-08-09T20:17:20 - qBittorrent v4.3.6 iniciado
(N) 2021-08-09T20:17:20 - Usando diretório das configurações: /home/vinicius/.config/qBittorrent/
(I) 2021-08-09T20:17:29 - Tentando escutar: 0.0.0.0:44789,[::]:44789
(N) 2021-08-09T20:17:29 - ID do Peer:-qB4360-
(N) 2021-08-09T20:17:29 - O usuário agente HTTP é 'qBittorrent/4.3.6'
(I) 2021-08-09T20:17:29 - Suporte a DHT [LIGADO]
(I) 2021-08-09T20:17:29 - Suporte a descoberta de peers locais [LIGADO]
(I) 2021-08-09T20:17:29 - Suporte ao PeX [LIGADO]
(I) 2021-08-09T20:17:29 - Modo anônimo [DESLIGADO]
(I) 2021-08-09T20:17:29 - Suporte a encriptação [LIGADO]
(I) 2021-08-09T20:17:29 - Suporte a UPnP / NAT-PMP [LIG]
(W) 2021-08-09T20:17:29 - Não pôde carregar o banco de dados da geo-localização dos IPs. Motivo: No such file or directory
(N) 2021-08-09T20:17:30 - Opções foram salvas com sucesso.
(I) 2021-08-09T20:17:30 - Escutando com sucesso o IP: 127.0.0.1, porta: TCP/44789
(I) 2021-08-09T20:17:30 - Escutando com sucesso o IP: 127.0.0.1, porta: UDP/44789
(I) 2021-08-09T20:17:30 - Escutando com sucesso o IP: 192.168.0.76, porta: TCP/44789
(I) 2021-08-09T20:17:30 - Escutando com sucesso o IP: 192.168.0.76, porta: UDP/44789
(I) 2021-08-09T20:17:30 - Escutando com sucesso o IP: ::1, porta: TCP/44789
(I) 2021-08-09T20:17:30 - Escutando com sucesso o IP: ::1, porta: UDP/44789
(I) 2021-08-09T20:17:30 - Escutando com sucesso o IP: fe80::1278:d2ff:feb3:475a%ens34, porta: TCP/44789
(I) 2021-08-09T20:17:30 - Escutando com sucesso o IP: fe80::1278:d2ff:feb3:475a%ens34, porta: UDP/44789
(I) 2021-08-09T20:17:30 - UPnP/NAT-PMP: Mapeamento bem sucedido da porta, mensagem: successfully mapped port using NAT-PMP. external port: TCP/44789
(I) 2021-08-09T20:17:30 - UPnP/NAT-PMP: Mapeamento bem sucedido da porta, mensagem: successfully mapped port using NAT-PMP. external port: UDP/44789
(I) 2021-08-09T20:17:30 - UPnP/NAT-PMP: Mapeamento bem sucedido da porta, mensagem: successfully mapped port using UPnP. external port: TCP/44789
(I) 2021-08-09T20:17:30 - UPnP/NAT-PMP: Mapeamento bem sucedido da porta, mensagem: successfully mapped port using UPnP. external port: UDP/44789
(I) 2021-08-09T20:17:30 - UPnP/NAT-PMP: Mapeamento bem sucedido da porta, mensagem: successfully mapped port using UPnP. external port: TCP/44789
(I) 2021-08-09T20:17:30 - IP externo detectado: 179.108.6.70
(I) 2021-08-09T20:17:30 - UPnP/NAT-PMP: Mapeamento bem sucedido da porta, mensagem: successfully mapped port using UPnP. external port: UDP/44789
(I) 2021-08-09T20:17:30 - Banco de dados da geo-localização dos IPs carregado. Tipo: DBIP-Country-Lite. Data do build: sáb. jul. 31 21:15:10 2021.
(I) 2021-08-09T20:17:30 - Banco de dados da geo-localização dos IPs atualizado com sucesso.
(N) 2021-08-09T20:18:54 - Opções foram salvas com sucesso.
(I) 2021-08-09T20:19:24 - Suporte a UPnP / NAT-PMP [DESL]
(N) 2021-08-09T20:19:29 - qBittorrent v4.3.6 iniciado
(N) 2021-08-09T20:19:29 - Usando diretório das configurações: /home/vinicius/.config/qBittorrent/
(I) 2021-08-09T20:19:29 - Tentando escutar: 0.0.0.0:44789,[::]:44789
(N) 2021-08-09T20:19:29 - ID do Peer:-qB4360-
(N) 2021-08-09T20:19:29 - O usuário agente HTTP é 'qBittorrent/4.3.6'
(I) 2021-08-09T20:19:29 - Suporte a DHT [LIGADO]
(I) 2021-08-09T20:19:29 - Suporte a descoberta de peers locais [LIGADO]
(I) 2021-08-09T20:19:29 - Suporte ao PeX [LIGADO]
(I) 2021-08-09T20:19:29 - Modo anônimo [DESLIGADO]
(I) 2021-08-09T20:19:29 - Suporte a encriptação [LIGADO]
(I) 2021-08-09T20:19:29 - Suporte a UPnP / NAT-PMP [LIG]
(I) 2021-08-09T20:19:29 - Banco de dados da geo-localização dos IPs carregado. Tipo: DBIP-Country-Lite. Data do build: sáb. jul. 31 21:15:10 2021.
(N) 2021-08-09T20:19:29 - Opções foram salvas com sucesso.
(I) 2021-08-09T20:19:29 - Escutando com sucesso o IP: 127.0.0.1, porta: TCP/44789
(I) 2021-08-09T20:19:29 - Escutando com sucesso o IP: 127.0.0.1, porta: UDP/44789
(I) 2021-08-09T20:19:29 - Escutando com sucesso o IP: 192.168.0.76, porta: TCP/44789
(I) 2021-08-09T20:19:29 - Escutando com sucesso o IP: 192.168.0.76, porta: UDP/44789
(I) 2021-08-09T20:19:29 - Escutando com sucesso o IP: ::1, porta: TCP/44789
(I) 2021-08-09T20:19:29 - Escutando com sucesso o IP: ::1, porta: UDP/44789
(I) 2021-08-09T20:19:29 - Escutando com sucesso o IP: fe80::1278:d2ff:feb3:475a%ens34, porta: TCP/44789
(I) 2021-08-09T20:19:29 - Escutando com sucesso o IP: fe80::1278:d2ff:feb3:475a%ens34, porta: UDP/44789
(I) 2021-08-09T20:19:29 - UPnP/NAT-PMP: Mapeamento bem sucedido da porta, mensagem: successfully mapped port using NAT-PMP. external port: TCP/44789
(I) 2021-08-09T20:19:29 - UPnP/NAT-PMP: Mapeamento bem sucedido da porta, mensagem: successfully mapped port using NAT-PMP. external port: UDP/44789
(I) 2021-08-09T20:19:29 - UPnP/NAT-PMP: Mapeamento bem sucedido da porta, mensagem: successfully mapped port using UPnP. external port: TCP/44789
(I) 2021-08-09T20:19:29 - UPnP/NAT-PMP: Mapeamento bem sucedido da porta, mensagem: successfully mapped port using UPnP. external port: UDP/44789
(I) 2021-08-09T20:19:29 - IP externo detectado: 179.108.6.70
(I) 2021-08-09T20:19:30 - UPnP/NAT-PMP: Mapeamento bem sucedido da porta, mensagem: successfully mapped port using UPnP. external port: TCP/44789
(I) 2021-08-09T20:19:30 - UPnP/NAT-PMP: Mapeamento bem sucedido da porta, mensagem: successfully mapped port using UPnP. external port: UDP/44789
(I) 2021-08-09T20:19:37 - Suporte a UPnP / NAT-PMP [DESL]
(N) 2021-08-09T20:41:12 - qBittorrent v4.3.6 iniciado
(N) 2021-08-09T20:41:12 - Usando diretório das configurações: /home/vinicius/.config/qBittorrent/
(I) 2021-08-09T20:41:12 - Tentando escutar: 0.0.0.0:44789,[::]:44789
(N) 2021-08-09T20:41:12 - ID do Peer:-qB4360-
(N) 2021-08-09T20:41:12 - O usuário agente HTTP é 'qBittorrent/4.3.6'
(I) 2021-08-09T20:41:12 - Suporte a DHT [LIGADO]
(I) 2021-08-09T20:41:12 - Suporte a descoberta de peers locais [LIGADO]
(I) 2021-08-09T20:41:12 - Suporte ao PeX [LIGADO]
(I) 2021-08-09T20:41:12 - Modo anônimo [DESLIGADO]
(I) 2021-08-09T20:41:12 - Suporte a encriptação [LIGADO]
(I) 2021-08-09T20:41:12 - Suporte a UPnP / NAT-PMP [LIG]
(I) 2021-08-09T20:41:12 - Banco de dados da geo-localização dos IPs carregado. Tipo: DBIP-Country-Lite. Data do build: sáb. jul. 31 21:15:10 2021.
(N) 2021-08-09T20:41:13 - Opções foram salvas com sucesso.
(I) 2021-08-09T20:41:13 - Escutando com sucesso o IP: 127.0.0.1, porta: TCP/44789
(I) 2021-08-09T20:41:13 - Escutando com sucesso o IP: 127.0.0.1, porta: UDP/44789
(I) 2021-08-09T20:41:13 - Escutando com sucesso o IP: 192.168.0.76, porta: TCP/44789
(I) 2021-08-09T20:41:13 - Escutando com sucesso o IP: 192.168.0.76, porta: UDP/44789
(I) 2021-08-09T20:41:13 - Escutando com sucesso o IP: ::1, porta: TCP/44789
(I) 2021-08-09T20:41:13 - Escutando com sucesso o IP: ::1, porta: UDP/44789
(I) 2021-08-09T20:41:13 - Escutando com sucesso o IP: fe80::1278:d2ff:feb3:475a%ens34, porta: TCP/44789
(I) 2021-08-09T20:41:13 - Escutando com sucesso o IP: fe80::1278:d2ff:feb3:475a%ens34, porta: UDP/44789
(I) 2021-08-09T20:41:13 - UPnP/NAT-PMP: Mapeamento bem sucedido da porta, mensagem: successfully mapped port using NAT-PMP. external port: TCP/44789
(I) 2021-08-09T20:41:13 - UPnP/NAT-PMP: Mapeamento bem sucedido da porta, mensagem: successfully mapped port using NAT-PMP. external port: UDP/44789
(I) 2021-08-09T20:41:13 - UPnP/NAT-PMP: Mapeamento bem sucedido da porta, mensagem: successfully mapped port using UPnP. external port: TCP/44789
(I) 2021-08-09T20:41:13 - UPnP/NAT-PMP: Mapeamento bem sucedido da porta, mensagem: successfully mapped port using UPnP. external port: UDP/44789
(I) 2021-08-09T20:41:13 - UPnP/NAT-PMP: Mapeamento bem sucedido da porta, mensagem: successfully mapped port using UPnP. external port: TCP/44789
(I) 2021-08-09T20:41:13 - UPnP/NAT-PMP: Mapeamento bem sucedido da porta, mensagem: successfully mapped port using UPnP. external port: UDP/44789
(I) 2021-08-09T20:41:13 - IP externo detectado: 179.108.6.70
(N) 2021-08-09T20:41:20 - Opções foram salvas com sucesso.
(I) 2021-08-09T20:41:30 - Suporte a UPnP / NAT-PMP [DESL]
(N) 2021-08-09T20:41:33 - qBittorrent v4.3.6 iniciado
(N) 2021-08-09T20:41:33 - Usando diretório das configurações: /home/vinicius/.config/qBittorrent/
(I) 2021-08-09T20:41:33 - Tentando escutar: 0.0.0.0:44789,[::]:44789
(N) 2021-08-09T20:41:33 - ID do Peer:-qB4360-
(N) 2021-08-09T20:41:33 - O usuário agente HTTP é 'qBittorrent/4.3.6'
(I) 2021-08-09T20:41:33 - Suporte a DHT [LIGADO]
(I) 2021-08-09T20:41:33 - Suporte a descoberta de peers locais [LIGADO]
(I) 2021-08-09T20:41:33 - Suporte ao PeX [LIGADO]
(I) 2021-08-09T20:41:33 - Modo anônimo [DESLIGADO]
(I) 2021-08-09T20:41:33 - Suporte a encriptação [LIGADO]
(I) 2021-08-09T20:41:33 - Suporte a UPnP / NAT-PMP [LIG]
(I) 2021-08-09T20:41:33 - Banco de dados da geo-localização dos IPs carregado. Tipo: DBIP-Country-Lite. Data do build: sáb. jul. 31 21:15:10 2021.
(N) 2021-08-09T20:41:33 - Opções foram salvas com sucesso.
(I) 2021-08-09T20:41:33 - Escutando com sucesso o IP: 127.0.0.1, porta: TCP/44789
(I) 2021-08-09T20:41:33 - Escutando com sucesso o IP: 127.0.0.1, porta: UDP/44789
(I) 2021-08-09T20:41:33 - Escutando com sucesso o IP: 192.168.0.76, porta: TCP/44789
(I) 2021-08-09T20:41:33 - Escutando com sucesso o IP: 192.168.0.76, porta: UDP/44789
(I) 2021-08-09T20:41:33 - Escutando com sucesso o IP: ::1, porta: TCP/44789
(I) 2021-08-09T20:41:33 - Escutando com sucesso o IP: ::1, porta: UDP/44789
(I) 2021-08-09T20:41:33 - Escutando com sucesso o IP: fe80::1278:d2ff:feb3:475a%ens34, porta: TCP/44789
(I) 2021-08-09T20:41:33 - Escutando com sucesso o IP: fe80::1278:d2ff:feb3:475a%ens34, porta: UDP/44789
(I) 2021-08-09T20:41:33 - UPnP/NAT-PMP: Mapeamento bem sucedido da porta, mensagem: successfully mapped port using NAT-PMP. external port: TCP/44789
(I) 2021-08-09T20:41:33 - UPnP/NAT-PMP: Mapeamento bem sucedido da porta, mensagem: successfully mapped port using NAT-PMP. external port: UDP/44789
(I) 2021-08-09T20:41:33 - UPnP/NAT-PMP: Mapeamento bem sucedido da porta, mensagem: successfully mapped port using UPnP. external port: TCP/44789
(I) 2021-08-09T20:41:33 - UPnP/NAT-PMP: Mapeamento bem sucedido da porta, mensagem: successfully mapped port using UPnP. external port: UDP/44789
(I) 2021-08-09T20:41:33 - IP externo detectado: 179.108.6.70
(I) 2021-08-09T20:41:33 - UPnP/NAT-PMP: Mapeamento bem sucedido da porta, mensagem: successfully mapped port using UPnP. external port: TCP/44789
(I) 2021-08-09T20:41:34 - UPnP/NAT-PMP: Mapeamento bem sucedido da porta, mensagem: successfully mapped port using UPnP. external port: UDP/44789
(I) 2021-08-09T20:41:43 - Suporte a UPnP / NAT-PMP [DESL]
(N) 2021-08-09T20:50:51 - qBittorrent v4.3.6 iniciado
(N) 2021-08-09T20:50:51 - Usando diretório das configurações: /home/vinicius/.config/qBittorrent/
(I) 2021-08-09T20:50:51 - Tentando escutar: 0.0.0.0:44789,[::]:44789
(N) 2021-08-09T20:50:51 - ID do Peer:-qB4360-
(N) 2021-08-09T20:50:51 - O usuário agente HTTP é 'qBittorrent/4.3.6'
(I) 2021-08-09T20:50:51 - Suporte a DHT [LIGADO]
(I) 2021-08-09T20:50:51 - Suporte a descoberta de peers locais [LIGADO]
(I) 2021-08-09T20:50:51 - Suporte ao PeX [LIGADO]
(I) 2021-08-09T20:50:51 - Modo anônimo [DESLIGADO]
(I) 2021-08-09T20:50:51 - Suporte a encriptação [LIGADO]
(I) 2021-08-09T20:50:51 - Suporte a UPnP / NAT-PMP [LIG]
(I) 2021-08-09T20:50:51 - Banco de dados da geo-localização dos IPs carregado. Tipo: DBIP-Country-Lite. Data do build: sáb. jul. 31 21:15:10 2021.
(N) 2021-08-09T20:50:51 - Opções foram salvas com sucesso.
(I) 2021-08-09T20:50:51 - Escutando com sucesso o IP: 127.0.0.1, porta: TCP/44789
(I) 2021-08-09T20:50:51 - Escutando com sucesso o IP: 127.0.0.1, porta: UDP/44789
(I) 2021-08-09T20:50:51 - Escutando com sucesso o IP: 192.168.0.76, porta: TCP/44789
(I) 2021-08-09T20:50:51 - Escutando com sucesso o IP: 192.168.0.76, porta: UDP/44789
(I) 2021-08-09T20:50:51 - Escutando com sucesso o IP: ::1, porta: TCP/44789
(I) 2021-08-09T20:50:51 - Escutando com sucesso o IP: ::1, porta: UDP/44789
(I) 2021-08-09T20:50:51 - Escutando com sucesso o IP: fe80::1278:d2ff:feb3:475a%ens34, porta: TCP/44789
(I) 2021-08-09T20:50:51 - Escutando com sucesso o IP: fe80::1278:d2ff:feb3:475a%ens34, porta: UDP/44789
(I) 2021-08-09T20:50:52 - UPnP/NAT-PMP: Mapeamento bem sucedido da porta, mensagem: successfully mapped port using UPnP. external port: TCP/44789
(I) 2021-08-09T20:50:52 - UPnP/NAT-PMP: Mapeamento bem sucedido da porta, mensagem: successfully mapped port using UPnP. external port: UDP/44789
(I) 2021-08-09T20:50:52 - UPnP/NAT-PMP: Mapeamento bem sucedido da porta, mensagem: successfully mapped port using NAT-PMP. external port: TCP/44789
(I) 2021-08-09T20:50:52 - UPnP/NAT-PMP: Mapeamento bem sucedido da porta, mensagem: successfully mapped port using NAT-PMP. external port: UDP/44789
(I) 2021-08-09T20:50:53 - UPnP/NAT-PMP: Mapeamento bem sucedido da porta, mensagem: successfully mapped port using UPnP. external port: TCP/44789
(I) 2021-08-09T20:50:53 - UPnP/NAT-PMP: Mapeamento bem sucedido da porta, mensagem: successfully mapped port using UPnP. external port: UDP/44789
(I) 2021-08-09T20:50:54 - Suporte a UPnP / NAT-PMP [DESL]
(N) 2021-09-04T22:18:41 - qBittorrent v4.3.8 iniciado
(N) 2021-09-04T22:18:41 - Usando diretório das configurações: /home/vinicius/.config/qBittorrent/
(I) 2021-09-04T22:18:42 - Tentando escutar: 0.0.0.0:44789,[::]:44789
(N) 2021-09-04T22:18:42 - ID do Peer:-qB4380-
(N) 2021-09-04T22:18:42 - O usuário agente HTTP é 'qBittorrent/4.3.8'
(I) 2021-09-04T22:18:42 - Suporte a DHT [LIGADO]
(I) 2021-09-04T22:18:42 - Suporte a descoberta de peers locais [LIGADO]
(I) 2021-09-04T22:18:42 - Suporte ao PeX [LIGADO]
(I) 2021-09-04T22:18:42 - Modo anônimo [DESLIGADO]
(I) 2021-09-04T22:18:42 - Suporte a encriptação [LIGADO]
(I) 2021-09-04T22:18:42 - Suporte a UPnP / NAT-PMP [LIG]
(I) 2021-09-04T22:18:42 - Banco de dados da geo-localização dos IPs carregado. Tipo: DBIP-Country-Lite. Data do build: sáb. jul. 31 21:15:10 2021.
(N) 2021-09-04T22:18:43 - Opções foram salvas com sucesso.
(I) 2021-09-04T22:18:43 - Escutando com sucesso o IP: 127.0.0.1, porta: TCP/44789
(I) 2021-09-04T22:18:43 - Escutando com sucesso o IP: 127.0.0.1, porta: UDP/44789
(I) 2021-09-04T22:18:43 - Escutando com sucesso o IP: 192.168.0.76, porta: TCP/44789
(I) 2021-09-04T22:18:43 - Escutando com sucesso o IP: 192.168.0.76, porta: UDP/44789
(I) 2021-09-04T22:18:43 - Escutando com sucesso o IP: ::1, porta: TCP/44789
(I) 2021-09-04T22:18:43 - Escutando com sucesso o IP: ::1, porta: UDP/44789
(I) 2021-09-04T22:18:43 - Escutando com sucesso o IP: fe80::1278:d2ff:feb3:475a%ens34, porta: TCP/44789
(I) 2021-09-04T22:18:43 - Escutando com sucesso o IP: fe80::1278:d2ff:feb3:475a%ens34, porta: UDP/44789
(I) 2021-09-04T22:18:43 - UPnP/NAT-PMP: Mapeamento bem sucedido da porta, mensagem: successfully mapped port using NAT-PMP. external port: TCP/44789
(I) 2021-09-04T22:18:43 - UPnP/NAT-PMP: Mapeamento bem sucedido da porta, mensagem: successfully mapped port using NAT-PMP. external port: UDP/44789
(I) 2021-09-04T22:18:43 - UPnP/NAT-PMP: Mapeamento bem sucedido da porta, mensagem: successfully mapped port using UPnP. external port: TCP/44789
(I) 2021-09-04T22:18:43 - UPnP/NAT-PMP: Mapeamento bem sucedido da porta, mensagem: successfully mapped port using UPnP. external port: UDP/44789
(I) 2021-09-04T22:18:43 - UPnP/NAT-PMP: Mapeamento bem sucedido da porta, mensagem: successfully mapped port using UPnP. external port: TCP/44789
(I) 2021-09-04T22:18:43 - UPnP/NAT-PMP: Mapeamento bem sucedido da porta, mensagem: successfully mapped port using UPnP. external port: UDP/44789
(I) 2021-09-04T22:18:44 - Banco de dados da geo-localização dos IPs carregado. Tipo: DBIP-Country-Lite. Data do build: ter. ago. 31 21:09:36 2021.
(I) 2021-09-04T22:18:44 - Banco de dados da geo-localização dos IPs atualizado com sucesso.
(N) 2021-09-04T22:19:00 - 'La Casa de Papel S05 (Parte 01) 2021 1080p WEB-DL DUAL 5.1' adicionado a lista de downloads.
(N) 2021-09-04T22:22:12 - 'La Casa de Papel S05 (Parte 01) 2021 1080p WEB-DL DUAL 5.1' foi removido da lista de transferências.
(I) 2021-09-04T22:22:14 - Suporte a UPnP / NAT-PMP [DESL]
(N) 2021-09-05T19:52:19 - qBittorrent v4.3.8 iniciado
(N) 2021-09-05T19:52:19 - Usando diretório das configurações: /home/vinicius/.config/qBittorrent/
(I) 2021-09-05T19:52:20 - Tentando escutar: 0.0.0.0:44789,[::]:44789
(N) 2021-09-05T19:52:20 - ID do Peer:-qB4380-
(N) 2021-09-05T19:52:20 - O usuário agente HTTP é 'qBittorrent/4.3.8'
(I) 2021-09-05T19:52:20 - Suporte a DHT [LIGADO]
(I) 2021-09-05T19:52:20 - Suporte a descoberta de peers locais [LIGADO]
(I) 2021-09-05T19:52:20 - Suporte ao PeX [LIGADO]
(I) 2021-09-05T19:52:20 - Modo anônimo [DESLIGADO]
(I) 2021-09-05T19:52:20 - Suporte a encriptação [LIGADO]
(I) 2021-09-05T19:52:20 - Suporte a UPnP / NAT-PMP [LIG]
(I) 2021-09-05T19:52:20 - Banco de dados da geo-localização dos IPs carregado. Tipo: DBIP-Country-Lite. Data do build: ter. ago. 31 21:09:36 2021.
(N) 2021-09-05T19:52:21 - Opções foram salvas com sucesso.
(I) 2021-09-05T19:52:21 - Escutando com sucesso o IP: 127.0.0.1, porta: TCP/44789
(I) 2021-09-05T19:52:21 - Escutando com sucesso o IP: 127.0.0.1, porta: UDP/44789
(I) 2021-09-05T19:52:21 - Escutando com sucesso o IP: 192.168.0.76, porta: TCP/44789
(I) 2021-09-05T19:52:21 - Escutando com sucesso o IP: 192.168.0.76, porta: UDP/44789
(I) 2021-09-05T19:52:21 - Escutando com sucesso o IP: ::1, porta: TCP/44789
(I) 2021-09-05T19:52:21 - Escutando com sucesso o IP: ::1, porta: UDP/44789
(I) 2021-09-05T19:52:21 - Escutando com sucesso o IP: fe80::1278:d2ff:feb3:475a%ens34, porta: TCP/44789
(I) 2021-09-05T19:52:21 - Escutando com sucesso o IP: fe80::1278:d2ff:feb3:475a%ens34, porta: UDP/44789
(I) 2021-09-05T19:52:21 - UPnP/NAT-PMP: Mapeamento bem sucedido da porta, mensagem: successfully mapped port using NAT-PMP. external port: TCP/44789
(I) 2021-09-05T19:52:21 - UPnP/NAT-PMP: Mapeamento bem sucedido da porta, mensagem: successfully mapped port using NAT-PMP. external port: UDP/44789
(I) 2021-09-05T19:52:21 - UPnP/NAT-PMP: Mapeamento bem sucedido da porta, mensagem: successfully mapped port using UPnP. external port: TCP/44789
(I) 2021-09-05T19:52:21 - UPnP/NAT-PMP: Mapeamento bem sucedido da porta, mensagem: successfully mapped port using UPnP. external port: UDP/44789
(I) 2021-09-05T19:52:21 - IP externo detectado: 179.108.14.217
(I) 2021-09-05T19:52:21 - UPnP/NAT-PMP: Mapeamento bem sucedido da porta, mensagem: successfully mapped port using UPnP. external port: TCP/44789
(I) 2021-09-05T19:52:21 - UPnP/NAT-PMP: Mapeamento bem sucedido da porta, mensagem: successfully mapped port using UPnP. external port: UDP/44789
(I) 2021-09-05T19:52:26 - Suporte a UPnP / NAT-PMP [DESL]
(N) 2021-09-05T20:15:25 - qBittorrent v4.3.8 iniciado
(N) 2021-09-05T20:15:25 - Usando diretório das configurações: /home/vinicius/.config/qBittorrent/
(I) 2021-09-05T20:15:25 - Tentando escutar: 0.0.0.0:44789,[::]:44789
(N) 2021-09-05T20:15:25 - ID do Peer:-qB4380-
(N) 2021-09-05T20:15:25 - O usuário agente HTTP é 'qBittorrent/4.3.8'
(I) 2021-09-05T20:15:25 - Suporte a DHT [LIGADO]
(I) 2021-09-05T20:15:25 - Suporte a descoberta de peers locais [LIGADO]
(I) 2021-09-05T20:15:25 - Suporte ao PeX [LIGADO]
(I) 2021-09-05T20:15:25 - Modo anônimo [DESLIGADO]
(I) 2021-09-05T20:15:25 - Suporte a encriptação [LIGADO]
(I) 2021-09-05T20:15:25 - Suporte a UPnP / NAT-PMP [LIG]
(I) 2021-09-05T20:15:25 - Banco de dados da geo-localização dos IPs carregado. Tipo: DBIP-Country-Lite. Data do build: ter. ago. 31 21:09:36 2021.
(N) 2021-09-05T20:15:26 - Opções foram salvas com sucesso.
(I) 2021-09-05T20:15:26 - Escutando com sucesso o IP: 127.0.0.1, porta: TCP/44789
(I) 2021-09-05T20:15:26 - Escutando com sucesso o IP: 127.0.0.1, porta: UDP/44789
(I) 2021-09-05T20:15:26 - Escutando com sucesso o IP: 192.168.0.76, porta: TCP/44789
(I) 2021-09-05T20:15:26 - Escutando com sucesso o IP: 192.168.0.76, porta: UDP/44789
(I) 2021-09-05T20:15:26 - Escutando com sucesso o IP: ::1, porta: TCP/44789
(I) 2021-09-05T20:15:26 - Escutando com sucesso o IP: ::1, porta: UDP/44789
(I) 2021-09-05T20:15:26 - Escutando com sucesso o IP: fe80::1278:d2ff:feb3:475a%ens34, porta: TCP/44789
(I) 2021-09-05T20:15:26 - Escutando com sucesso o IP: fe80::1278:d2ff:feb3:475a%ens34, porta: UDP/44789
(I) 2021-09-05T20:15:26 - UPnP/NAT-PMP: Mapeamento bem sucedido da porta, mensagem: successfully mapped port using NAT-PMP. external port: TCP/44789
(I) 2021-09-05T20:15:26 - UPnP/NAT-PMP: Mapeamento bem sucedido da porta, mensagem: successfully mapped port using NAT-PMP. external port: UDP/44789
(I) 2021-09-05T20:15:26 - UPnP/NAT-PMP: Mapeamento bem sucedido da porta, mensagem: successfully mapped port using UPnP. external port: TCP/44789
(I) 2021-09-05T20:15:26 - UPnP/NAT-PMP: Mapeamento bem sucedido da porta, mensagem: successfully mapped port using UPnP. external port: UDP/44789
(I) 2021-09-05T20:15:26 - IP externo detectado: 179.108.14.217
(I) 2021-09-05T20:15:26 - UPnP/NAT-PMP: Mapeamento bem sucedido da porta, mensagem: successfully mapped port using UPnP. external port: TCP/44789
(I) 2021-09-05T20:15:26 - UPnP/NAT-PMP: Mapeamento bem sucedido da porta, mensagem: successfully mapped port using UPnP. external port: UDP/44789
(N) 2021-09-05T20:16:00 - qBittorrent v4.3.8 iniciado
(N) 2021-09-05T20:16:00 - Usando diretório das configurações: /home/vinicius/.config/qBittorrent/
(N) 2021-09-05T20:17:26 - 'La Casa De Papel 5' adicionado a lista de downloads.
(N) 2021-09-05T20:39:48 - 'La Casa De Papel 5' foi removido da lista de transferências.
(I) 2021-09-05T20:39:50 - Suporte a UPnP / NAT-PMP [DESL]
(N) 2021-09-06T19:01:13 - qBittorrent v4.3.8 iniciado
(N) 2021-09-06T19:01:13 - Usando diretório das configurações: /home/vinicius/.config/qBittorrent/
(I) 2021-09-06T19:01:13 - Tentando escutar: 0.0.0.0:44789,[::]:44789
(N) 2021-09-06T19:01:13 - ID do Peer:-qB4380-
(N) 2021-09-06T19:01:13 - O usuário agente HTTP é 'qBittorrent/4.3.8'
(I) 2021-09-06T19:01:13 - Suporte a DHT [LIGADO]
(I) 2021-09-06T19:01:13 - Suporte a descoberta de peers locais [LIGADO]
(I) 2021-09-06T19:01:13 - Suporte ao PeX [LIGADO]
(I) 2021-09-06T19:01:13 - Modo anônimo [DESLIGADO]
(I) 2021-09-06T19:01:13 - Suporte a encriptação [LIGADO]
(I) 2021-09-06T19:01:13 - Suporte a UPnP / NAT-PMP [LIG]
(I) 2021-09-06T19:01:14 - Banco de dados da geo-localização dos IPs carregado. Tipo: DBIP-Country-Lite. Data do build: ter. ago. 31 21:09:36 2021.
(N) 2021-09-06T19:01:15 - Opções foram salvas com sucesso.
(I) 2021-09-06T19:01:15 - Escutando com sucesso o IP: 127.0.0.1, porta: TCP/44789
(I) 2021-09-06T19:01:15 - Escutando com sucesso o IP: 127.0.0.1, porta: UDP/44789
(I) 2021-09-06T19:01:15 - Escutando com sucesso o IP: 192.168.0.76, porta: TCP/44789
(I) 2021-09-06T19:01:15 - Escutando com sucesso o IP: 192.168.0.76, porta: UDP/44789
(I) 2021-09-06T19:01:15 - Escutando com sucesso o IP: ::1, porta: TCP/44789
(I) 2021-09-06T19:01:15 - Escutando com sucesso o IP: ::1, porta: UDP/44789
(I) 2021-09-06T19:01:15 - Escutando com sucesso o IP: fe80::1278:d2ff:feb3:475a%ens34, porta: TCP/44789
(I) 2021-09-06T19:01:15 - Escutando com sucesso o IP: fe80::1278:d2ff:feb3:475a%ens34, porta: UDP/44789
(I) 2021-09-06T19:01:15 - UPnP/NAT-PMP: Mapeamento bem sucedido da porta, mensagem: successfully mapped port using NAT-PMP. external port: TCP/44789
(I) 2021-09-06T19:01:15 - UPnP/NAT-PMP: Mapeamento bem sucedido da porta, mensagem: successfully mapped port using NAT-PMP. external port: UDP/44789
(I) 2021-09-06T19:01:15 - UPnP/NAT-PMP: Mapeamento bem sucedido da porta, mensagem: successfully mapped port using UPnP. external port: TCP/44789
(I) 2021-09-06T19:01:15 - UPnP/NAT-PMP: Mapeamento bem sucedido da porta, mensagem: successfully mapped port using UPnP. external port: UDP/44789
(I) 2021-09-06T19:01:15 - UPnP/NAT-PMP: Mapeamento bem sucedido da porta, mensagem: successfully mapped port using UPnP. external port: TCP/44789
(I) 2021-09-06T19:01:15 - UPnP/NAT-PMP: Mapeamento bem sucedido da porta, mensagem: successfully mapped port using UPnP. external port: UDP/44789
(I) 2021-09-06T19:01:15 - IP externo detectado: 179.108.3.69
(N) 2021-09-06T19:01:33 - 'slackware64-14.2-iso' adicionado a lista de downloads.
(N) 2021-09-06T19:10:14 - 'slackware64-14.2-iso' foi removido da lista de transferências.
(I) 2021-09-06T19:10:16 - Suporte a UPnP / NAT-PMP [DESL]
(N) 2021-09-07T17:17:10 - qBittorrent v4.3.8 iniciado
(N) 2021-09-07T17:17:10 - Usando diretório das configurações: /home/vinicius/.config/qBittorrent/
(I) 2021-09-07T17:17:10 - Tentando escutar: 0.0.0.0:44789,[::]:44789
(N) 2021-09-07T17:17:11 - ID do Peer:-qB4380-
(N) 2021-09-07T17:17:11 - O usuário agente HTTP é 'qBittorrent/4.3.8'
(I) 2021-09-07T17:17:11 - Suporte a DHT [LIGADO]
(I) 2021-09-07T17:17:11 - Suporte a descoberta de peers locais [LIGADO]
(I) 2021-09-07T17:17:11 - Suporte ao PeX [LIGADO]
(I) 2021-09-07T17:17:11 - Modo anônimo [DESLIGADO]
(I) 2021-09-07T17:17:11 - Suporte a encriptação [LIGADO]
(I) 2021-09-07T17:17:11 - Suporte a UPnP / NAT-PMP [LIG]
(I) 2021-09-07T17:17:11 - Banco de dados da geo-localização dos IPs carregado. Tipo: DBIP-Country-Lite. Data do build: ter. ago. 31 21:09:36 2021.
(N) 2021-09-07T17:17:12 - Opções foram salvas com sucesso.
(I) 2021-09-07T17:17:13 - Escutando com sucesso o IP: 127.0.0.1, porta: TCP/44789
(I) 2021-09-07T17:17:13 - Escutando com sucesso o IP: 127.0.0.1, porta: UDP/44789
(I) 2021-09-07T17:17:13 - Escutando com sucesso o IP: 192.168.0.76, porta: TCP/44789
(I) 2021-09-07T17:17:13 - Escutando com sucesso o IP: 192.168.0.76, porta: UDP/44789
(I) 2021-09-07T17:17:13 - Escutando com sucesso o IP: ::1, porta: TCP/44789
(I) 2021-09-07T17:17:13 - Escutando com sucesso o IP: ::1, porta: UDP/44789
(I) 2021-09-07T17:17:13 - Escutando com sucesso o IP: fe80::1278:d2ff:feb3:475a%ens34, porta: TCP/44789
(I) 2021-09-07T17:17:13 - Escutando com sucesso o IP: fe80::1278:d2ff:feb3:475a%ens34, porta: UDP/44789
(I) 2021-09-07T17:17:13 - UPnP/NAT-PMP: Mapeamento bem sucedido da porta, mensagem: successfully mapped port using NAT-PMP. external port: TCP/44789
(I) 2021-09-07T17:17:13 - UPnP/NAT-PMP: Mapeamento bem sucedido da porta, mensagem: successfully mapped port using NAT-PMP. external port: UDP/44789
(I) 2021-09-07T17:17:13 - UPnP/NAT-PMP: Mapeamento bem sucedido da porta, mensagem: successfully mapped port using UPnP. external port: TCP/44789
(I) 2021-09-07T17:17:13 - UPnP/NAT-PMP: Mapeamento bem sucedido da porta, mensagem: successfully mapped port using UPnP. external port: UDP/44789
(I) 2021-09-07T17:17:13 - UPnP/NAT-PMP: Mapeamento bem sucedido da porta, mensagem: successfully mapped port using UPnP. external port: TCP/44789
(I) 2021-09-07T17:17:13 - UPnP/NAT-PMP: Mapeamento bem sucedido da porta, mensagem: successfully mapped port using UPnP. external port: UDP/44789
(I) 2021-09-07T17:17:13 - IP externo detectado: 179.108.7.87
(N) 2021-09-07T17:17:18 - 'archlinux-2021.09.01-x86_64.iso' adicionado a lista de downloads.
(N) 2021-09-07T17:39:17 - 'archlinux-2021.09.01-x86_64.iso' foi removido da lista de transferências.
(I) 2021-09-07T17:39:20 - Suporte a UPnP / NAT-PMP [DESL]
