Sep 27 19:10 : update: added /Imagination ft.(Shiloh Dynasty).mp3
Sep 27 19:10 : update: added /Halcyon _ Valentina Franco - Runaway (Heuse Remix) [NCS Release].mp3
Sep 27 19:10 : update: added /Daniel e natalia 2011 - Eu queria nascer no céu-Hino Avulso  (me leva pro céu ).mp3
Sep 27 19:10 : update: added /NF - Outro.mp3
Sep 27 19:10 : update: added /NF - Leave Me Alone.mp3
Sep 27 19:10 : update: added /NF - Like This (Audio).mp3
Sep 27 19:10 : update: added /Tetrix Bass Feat. Veela - The Light [NCS Release].mp3
Sep 27 19:10 : update: added /Alan Walker_ K-391 _ Emelie Hollow - Lily (Lyrics).mp3
Sep 27 19:10 : update: added /Kina - i_m in love with you (lyrics).mp3
Sep 27 19:10 : update: added /Evanescence - Bring Me To Life (Official Music Video).mp3
Sep 27 19:10 : update: added /the remedy for a broken heart (why am I so in love).mp3
Sep 27 19:10 : update: added /VMZ - Sem Ela _ Feat. Lucas A.R.T _ Prod. Bruno Zanardi.mp3
Sep 27 19:10 : update: added /Midian Lima - Jó - COM LETRA (VideoLETRA® oficial MK Music).mp3
Sep 27 19:10 : update: added /Alan Walker _ Sia - Faded_Cheap Thrills_Alive_Airplanes (feat. Hayley Williams_ B.o.B_ Sean Paul).mp3
Sep 27 19:10 : update: added /NF_ Sasha Sloan - Only (Audio).mp3
Sep 27 19:10 : update: added /Martin Garrix _ Bebe Rexha - In The Name Of Love (Official Video).mp3
Sep 27 19:10 : update: added /Eu Navegarei - Com letra da música - HD.mp3
Sep 27 19:10 : update: added /NF - Can You Hold Me (Audio) ft. Britt Nicole.mp3
Sep 27 19:10 : update: added /NF - One Hundred (Audio).mp3
Sep 27 19:10 : update: added /NF - Dreams (Audio).mp3
Sep 27 19:10 : update: added /Katy Perry - Roar (Official).mp3
Sep 27 19:10 : update: added /Desmeon - On That Day (feat. ElDiablo_ Flint _ Zadik) [NCS Release].mp3
Sep 27 19:10 : update: added /NF - Let Me Go (Audio).mp3
Sep 27 19:10 : update: added /Lewis Capaldi - Someone You Loved (Tradução).mp3
Sep 27 19:10 : update: added /Vem, Espírito Santo.mp3
Sep 27 19:10 : update: added /Beatcore _ Ashley Apollodor - Everyday [NCS Release].mp3
Sep 27 19:10 : update: added /Don_t Talk to Me.mp3
Sep 27 19:10 : update: added /2WEI FEAT. EDDA HAYES - WARRIOS (Naruto Vs Pain Amv).mp3
Sep 27 19:10 : update: added /Unknown Brain x Rival - Control (feat. Jex) [NCS Release].mp3
Sep 27 19:10 : update: added /Teqkoi - It_ll Be Alright (ft. Jada Facer).mp3
Sep 27 19:10 : update: added /gnash - i hate u_ i love u (ft. olivia o_brien) (XZOXO Remix).mp3
Sep 27 19:10 : update: added /NF - Let You Down.mp3
Sep 27 19:10 : update: added /NF - Notepad.mp3
Sep 27 19:10 : update: added /Chord Overstreet - Hold On (TRADUÇÃO LEGENDADO) PT-BR.mp3
Sep 27 19:10 : update: added /beowulf - savior.mp3
Sep 27 19:10 : update: added /NF - All I Do (Audio).mp3
Sep 27 19:10 : update: added /Ocean - 17 (Shiloh Remix).mp3
Sep 27 19:10 : update: added /Roddy Ricch - The Box [Official Audio].mp3
Sep 27 19:10 : update: added /K-391 _ Alan Walker - Ignite (feat. Julie Bergan _ Seungri).mp3
Sep 27 19:10 : update: added /NF - All I Have.mp3
Sep 27 19:10 : update: added /Skylar Grey - Coming Home .mp3
Sep 27 19:10 : update: added /NF - Trauma (Tradução).mp3
Sep 27 19:10 : update: added /NF - When I Grow Up.mp3
Sep 27 19:10 : update: added /Naruto 「AMV」- Legends Never Die _ HD.mp3
Sep 27 19:10 : update: added /NF - My Stress (Audio).mp3
Sep 27 19:10 : update: added /Chill Bill.mp3
Sep 27 19:10 : update: added /Oceans (Where Feet May Fail) Lyric Video - Hillsong UNITED.mp3
Sep 27 19:10 : update: added /Alan Walker _ Ava Max - Alone_ Pt. II.mp3
Sep 27 19:10 : update: added /Petit Biscuit - Sunset Lover (Official Video).mp3
Sep 27 19:10 : update: added /Acejax feat. Danilyon - By My Side [NCS Release].mp3
Sep 27 19:10 : update: added /Soraya Moraes - Caminho no Deserto (Vídeo oficial).mp3
Sep 27 19:10 : update: added /NF - Change (Audio).mp3
Sep 27 19:10 : update: added /timmies - tell me why i_m waiting (ft. shiloh).mp3
Sep 27 19:10 : update: added /Gabriela Gomes - Deus Proverá.mp3
Sep 27 19:10 : update: added /Alan Walker vs Coldplay - Hymn For The Weekend [Remix].mp3
Sep 27 19:10 : update: added /Alan Walker - Diamond Heart (feat. Sophia Somajo).mp3
Sep 27 19:10 : update: added /Powfu - death bed.mp3
Sep 27 19:10 : update: added /NF - Grindin_ ft. Marty.mp3
Sep 27 19:10 : update: added /NF - Remember This (Audio).mp3
Sep 27 19:10 : update: added /NF - Thing Called Love (Audio).mp3
Sep 27 19:10 : update: added /Alan Walker - Darkside (feat. Au_Ra and Tomine Harket).mp3
Sep 27 19:10 : update: added /Kemuel - Algo Novo (Ao Vivo) ft. Lukas Agustinho.mp3
Sep 27 19:10 : update: added /David Guetta ft. Ne-Yo _ Akon - Play Hard (Quin Remix).mp3
Sep 27 19:10 : update: added /ＨＥＡＲＴＢＲＯＫＥＮ.mp3
Sep 27 19:10 : update: added /NF - I Miss The Days (Audio).mp3
Sep 27 19:10 : update: added /Alan Walker - Sing Me To Sleep.mp3
Sep 27 19:10 : update: added /kudasai - the girl i haven_t met.mp3
Sep 27 19:10 : update: added /Perto quero estar.mp3
Sep 27 19:10 : update: added /Dynoro _ Gigi D_Agostino - In My Mind.mp3
Sep 27 19:10 : update: added /Alec Benjamin - Outrunning Karma.mp3
Sep 27 19:10 : update: added /GABRIELA ROCHA - EU NAVEGAREI (CLIPE OFICIAL)   EP CÉU.mp3
Sep 27 19:10 : update: added /David Guetta - Titanium ft. Sia (Official Video).mp3
Sep 27 19:10 : update: added /flora cash - You_re Somebody Else (Lyric Video).mp3
Sep 27 19:10 : update: added /XXXTENTACION - Look At Me_ (Audio).mp3
Sep 27 19:10 : update: added /NF - Trauma (Audio).mp3
Sep 27 19:10 : update: added /NF - Options (Audio).mp3
Sep 27 19:10 : update: added /NF - Wish You Wouldn_t (Audio).mp3
Sep 27 19:10 : update: added /Saturn - Sleeping At Last (TRADUÇÃO LEGENDADO) PT-BR.mp3
Sep 27 19:10 : update: added /The Neighbourhood - Sweater Weather (Official Video).mp3
Sep 27 19:10 : update: added /NF - No Excuses (Audio).mp3
Sep 27 19:10 : update: added /NF - WHY.mp3
Sep 27 19:10 : update: added /ＦＯＲ ＹＯＵ.mp3
Sep 27 19:10 : update: added /Alone.mp3
Sep 27 19:10 : update: added /limbo • airplane mode (lyrics).mp3
Sep 27 19:10 : update: added /NF - How Could You Leave Us.mp3
Sep 27 19:10 : update: added /NF - Can You Hold Me (Audio) ft. Britt Nicole- Tradução.mp3
Sep 27 19:10 : update: added /NF - Nate (Audio).mp3
Sep 27 19:10 : update: added /Demon Slayer Kimetsu no Yaiba EP 19 Ending Full『Kamado Tanjiro no Uta』.mp3
Sep 27 19:10 : update: added /Macklemore x Ryan Lewis _WINGS_ Official Music Video.mp3
Sep 27 19:10 : update: added /aftertheparty - numb [LYRICS].mp3
Sep 27 19:10 : update: added /Kina - get you the moon (ft. Snow).mp3
Sep 27 19:10 : update: added /RUDE - Eternal Youth.mp3
Sep 27 19:10 : update: added /Preto no Branco - Ninguém Explica Deus (Ao Vivo) ft. Gabriela Rocha.mp3
Sep 27 19:10 : update: added /Different Heaven _ EH_DE - My Heart [NCS Release].mp3
Sep 27 19:10 : update: added /NF - Intro 2.mp3
Sep 27 19:10 : update: added /NF - Motivated (Audio).mp3
Sep 27 19:10 : update: added /Drake - Over (Ayobi Remix).mp3
Sep 27 19:10 : update: added /olivia ruby - i wrote a song for you (kina rework).mp3
Sep 27 19:10 : update: added /NEFFEX - Fight Back [Vídeo Oficial]legenda português.mp3
Sep 27 19:10 : update: added /NF - Only One (Audio).mp3
Sep 27 19:10 : update: added /Kina - Can We Kiss Forever (ft. Adriana Proenza).mp3
Sep 27 19:10 : update: added /Meg _ Dia - Monster  [Tradução_Legendado].mp3
Sep 27 19:10 : update: added /In The End (Linkin Park Epic Cover) - Tommee Profitt (feat. Fleurie _ Jung Youth).mp3
Sep 27 19:10 : update: added /Alan Walker_ K-391_ Tungevaag_ Mangoo - PLAY (Alan Walker_s Video).mp3
Sep 27 19:10 : update: added /Mendum - Stay With Me [NCS Release].mp3
Sep 27 19:10 : update: added /Alan Walker - Different World feat. Sofia Carson_ K-391 _ CORSAK (Lyric Video).mp3
Sep 27 19:10 : update: added /Alan Walker - Faded.mp3
Sep 27 19:10 : update: added /NF - PAID MY DUES.mp3
Sep 27 19:10 : update: added /Mendum - Stay With Me (Krys Talk Remix) [NCS Release].mp3
Sep 27 19:10 : update: added /NF - My Life (Audio).mp3
Sep 27 19:10 : update: added /A Casa É Sua - Casa Worship (Clipe Oficial).mp3
Sep 27 19:10 : update: added /Belik boom - Avada kadabra (Harry potter).mp3
Sep 27 19:10 : update: added /NF - Just Being Me (Audio).mp3
Sep 27 19:10 : update: added /NF - Green Lights.mp3
Sep 27 19:10 : update: added /Jo Cohen _ Sex Whales - We Are [NCS Release].mp3
Sep 27 19:10 : update: added /Two Feet - Go F_ck Yourself.mp3
Sep 27 19:10 : update: added /NF - Destiny (Audio).mp3
Sep 27 19:10 : update: added /NF - Got You On My Mind (Audio).mp3
Sep 27 19:10 : update: added /NF - Intro.mp3
Sep 27 19:10 : update: added /Bill _aber - _Come With The Force_ Official Music Video _ Pigeons _ Planes Premiere.mp3
Sep 27 19:10 : update: added /NF - Hands Up (Audio).mp3
Sep 27 19:10 : update: added /LOUVORE GOSPEL QUE FORTES DE NÃO DESISTA EM 2019 - LOUVORES GOSPEL GENERAL - TOP 20 ATUALIZADAS.mp3
Sep 27 19:10 : update: added /Alan Walker_ Sabrina Carpenter _ Farruko  - On My Way.mp3
Sep 27 19:10 : update: added /NF - Time.mp3
Sep 27 19:10 : update: added /KILLSTATION - EXXIDAE.mp3
Sep 27 19:10 : update: added /Lost Sky - Where We Started (feat. Jex) [NCS Release].mp3
Sep 27 19:10 : update: added /Sub Urban - Cradles [OFFICIAL MUSIC VIDEO].mp3
Sep 27 19:10 : update: added /Maranata   Avivah (Feat. Fernanda Madaloni).mp3
Sep 27 19:10 : update: added /Alan Walker - I Don_t Wanna Go (Official Lyric Video).mp3
Sep 27 19:10 : update: added /Heuse _ Zeus x Crona - Pill (feat. Emma Sameth) [NCS Release].mp3
Sep 27 19:10 : update: added /NF - Mansion (Audio) ft. Fleurie.mp3
Sep 27 19:10 : update: added /Defqwop - Heart Afire (feat. Strix) [NCS Release].mp3
Sep 27 19:10 : update: added /From Ashes to New  - My Fight.mp3
Sep 27 19:10 : update: added /Alan Walker ‒ Lost Control (Lyrics) ft. Sorana.mp3
Sep 27 19:10 : update: added /Juliano Son   Lindo és + Só Quero Ver Você (Livres Ao Vivo Em São Paulo).mp3
Sep 27 19:10 : update: added /NF - Lie (Audio).mp3
Sep 27 19:10 : update: added /changes fall apart mashup ( i fall apart _ changes ) xxxtentacion x post malone.mp3
Sep 27 19:10 : update: added /Davi Sacer - Deus de Promessas part. Simone (15 Anos) [Vídeo Oficial].mp3
Sep 27 19:10 : update: added /Rap do Minato_ Neji e Jiraiya (Naruto) - ME DESCULPE POR PARTIR... _ NERD HITS.mp3
Sep 27 19:10 : update: added /NF - I Can Feel It (Audio).mp3
Sep 27 19:10 : update: added /Kina - u_re mine (ft. shiloh).mp3
Sep 27 19:10 : update: added /Sia - Move Your Body (Alan Walker Remix) [Audio].mp3
Sep 27 19:10 : update: added /NF - Thinking (Audio).mp3
Sep 27 19:10 : update: added /NF - Wait.mp3
Sep 27 19:10 : update: added /LUGAR SECRETO   CLIPE OFICIAL   EP CÉU   GABRIELA ROCHA.mp3
Sep 27 19:10 : update: added /Cavetown - This Is Home __ LYRICS.mp3
Sep 27 19:10 : update: added /NF - 3 A.M. (Audio).mp3
Sep 27 19:10 : update: added /ILUSÃO _CRACOLÂNDIA_ - Alok_ MC Hariel_ MC Davi_ MC Ryan SP_ Salvador da Rima e Djay W (GR6 Explode).mp3
Sep 27 19:10 : update: added /1-BOOT GUIADO - PABLO MARÇAL.mp3
Sep 27 19:10 : update: added /Au_Ra_ Alan Walker - Ghost (Official Video).mp3
Sep 27 19:10 : update: added /Alan x Walkers - Unity.mp3
Sep 27 19:10 : update: added /Kina - Nobody Cares (ft. Shiloh).mp3
Sep 27 19:10 : update: added /Saturn - Sleeping At Last   Tradução  Legendado PT BR.mp3
Sep 27 19:10 : update: added /Alok_ Bruno Martini feat. Zeeba - Hear Me Now (Official Music Video).mp3
Sep 27 19:10 : update: added /NF - I_ll Keep On (Audio) ft. Jeremiah Carlson.mp3
Sep 27 19:10 : update: added /NF - The Search.mp3
Sep 27 19:10 : update: added /Ship Wrek - Pain (feat. Mia Vaile) [NCS Release].mp3
Sep 27 19:10 : update: added /Halsey - Control (Tradução_Legendado).mp3
Sep 27 19:10 : update: added /NF - You_re Special (Audio).mp3
Sep 27 19:10 : update: added /The Scientist - Coldplay   Tradução 💗💔 (Tente não chorar) 💔.mp3
Sep 27 19:10 : update: added /Warriyo - Mortals (feat. Laura Brehm) [NCS Release].mp3
Sep 27 19:10 : update: added /Natalie Taylor - Surrender (Official Audio).mp3
Sep 27 19:10 : update: added /NF - Wake Up.mp3
Sep 27 19:10 : update: added /Snøw _ Monty Datta - Say Goodbye.mp3
Sep 27 19:10 : update: added /Linkin Park - In The End (Mellen Gi _ Tommee Profitt Remix).mp3
Sep 27 19:10 : update: added /NF - If You Want Love.mp3
Sep 27 19:10 : update: added /In The End [Mellen Gi Remix] (feat. Fleurie) - Tommee Profitt.mp3
Sep 27 19:10 : update: added /Sarcastic Sounds - I Don_t Sleep.mp3
Sep 27 19:10 : update: added /NF - Hate Myself (Audio).mp3
Sep 27 19:10 : update: added /Sabrina Lopes - Lei Da Vida (Clipe).mp3
Sep 27 19:10 : update: added /NF - Turn The Music Up (Lyric Video).mp3
Sep 27 19:10 : update: added /peachy_ • falling for you (ft. mxmtoon) (lyrics).mp3
Sep 27 19:10 : update: added /mxmtoon – feelings are fatal [ LEGENDADO ].mp3
Sep 27 19:10 : update: added /Kina- can we kiss forever (bass boosted).mp3
Sep 27 19:10 : update: added /NF - Know (Audio).mp3
Sep 27 19:10 : update: added /Mikebøi - Missed.mp3
Sep 27 19:10 : update: added /NF - 10 Feet Down (Audio) ft. Ruelle.mp3
Sep 27 19:10 : update: added /Billie Eilish_ Khalid - lovely.mp3
Sep 27 19:10 : update: added /Rap do Homem-Aranha_ Flash e Batman - MOMENTOS COM QUEM SE FOI... _ NERD HITS.mp3
Sep 27 19:10 : update: added /mxmtoon • feelings are fatal (lyrics).mp3
Sep 27 19:10 : update: added /hateful - when i met u.mp3
Sep 27 19:10 : update: added /Sex Whales _ Roee Yeger - Where Was I (feat. Ashley Apollodor) [NCS Release].mp3
Sep 27 19:10 : update: added /NF - Returns (Audio).mp3
Sep 27 19:10 : update: added /Ana Nóbrega - Oceanos (Onde Meus Pés Podem Falhar) - Oceans Hillsong versão Português.mp3
Sep 27 19:10 : update: added /NF - Intro III (Audio).mp3
Sep 27 19:10 : update: added /NF - Paralyzed (Audio).mp3
Sep 27 19:10 : update: added /NF - Therapy Session.mp3
Sep 27 19:10 : update: added /Ministério Zoe - Aquieta Minh'alma (Video Oficial).mp3
Sep 27 19:10 : update: added /NF - Statement (Audio).mp3
Sep 27 19:10 : update: added /NF - Real.mp3
Sep 27 19:10 : update: added /Impossible - I Am King (Legendado).mp3
Sep 27 19:10 : update: added /NF - I Just Wanna Know.mp3
Sep 27 19:10 : update: added /Sarah Blasko - All I Want (BENY Remix).mp3
Sep 27 19:10 : update: added /NF - Oh Lord (Audio).mp3
Sep 27 19:10 : update: added /Natalie Taylor - Surrender (Kina Remix - Official Audio).mp3
Sep 27 19:10 : update: added /Jerome Valeska _ WHO IS IN CONTROL_ [1x16 - 4x18].mp3
Sep 27 19:10 : update: added /Julius Dreisig _ Zeus X Crona - Invisible [NCS Release].mp3
Sep 27 19:10 : update: added /NF - Lost In The Moment (Audio) ft. Andreas Moss.mp3
Sep 27 19:10 : update: added /NF - Outcast.mp3
Sep 27 19:10 : update: added /NF - Face It (Audio).mp3
Sep 27 19:10 : update: added /i love you_ that_s the problem.mp3
Sep 27 19:10 : update: added /Breathe.mp3
Sep 27 19:10 : exception: Stored playlists are disabled
Sep 27 19:11 : player: played "A Casa É Sua - Casa Worship (Clipe Oficial).mp3"
Sep 27 19:14 : player: played "A Casa É Sua - Casa Worship (Clipe Oficial).mp3"
Sep 27 19:14 : exception: Stored playlists are disabled
Sep 27 19:15 : player: played "A Casa É Sua - Casa Worship (Clipe Oficial).mp3"
Sep 27 19:19 : player: played "Chord Overstreet - Hold On (TRADUÇÃO LEGENDADO) PT-BR.mp3"
Sep 27 19:20 : exception: Stored playlists are disabled
Sep 27 19:21 : player: played "A Casa É Sua - Casa Worship (Clipe Oficial).mp3"
Sep 27 19:21 : player: played "Chord Overstreet - Hold On (TRADUÇÃO LEGENDADO) PT-BR.mp3"
Sep 27 19:22 : player: played "Chord Overstreet - Hold On (TRADUÇÃO LEGENDADO) PT-BR.mp3"
Sep 27 19:23 : player: played "Chord Overstreet - Hold On (TRADUÇÃO LEGENDADO) PT-BR.mp3"
Sep 27 19:27 : exception: Stored playlists are disabled
Sep 27 19:33 : player: played "Eu Navegarei - Com letra da música - HD.mp3"
Sep 27 19:39 : player: played "ＦＯＲ ＹＯＵ.mp3"
Sep 27 19:44 : player: played "NF - Can You Hold Me (Audio) ft. Britt Nicole.mp3"
Sep 27 19:50 : player: played "NF - Can You Hold Me (Audio) ft. Britt Nicole.mp3"
Sep 27 19:50 : exception: Not playing
Sep 27 19:50 : player: played "NF - Can You Hold Me (Audio) ft. Britt Nicole.mp3"
Sep 27 19:50 : exception: Not playing
Sep 27 19:52 : player: played "NF - Can You Hold Me (Audio) ft. Britt Nicole.mp3"
Sep 27 19:58 : player: played "NF - Can You Hold Me (Audio) ft. Britt Nicole.mp3"
Sep 27 20:03 : player: played "NF - Can You Hold Me (Audio) ft. Britt Nicole.mp3"
Sep 27 20:03 : exception: Stored playlists are disabled
Sep 27 20:07 : exception: Stored playlists are disabled
Sep 27 20:07 : player: played "Preto no Branco - Ninguém Explica Deus (Ao Vivo) ft. Gabriela Rocha.mp3"
Sep 27 20:11 : player: played "XXXTENTACION - Look At Me_ (Audio).mp3"
Sep 27 20:24 : player: played "A Casa É Sua - Casa Worship (Clipe Oficial).mp3"
Sep 27 20:35 : player: played "Ana Nóbrega - Oceanos (Onde Meus Pés Podem Falhar) - Oceans Hillsong versão Português.mp3"
Sep 27 20:38 : exception: Stored playlists are disabled
Sep 27 20:38 : exception: Stored playlists are disabled
Sep 27 20:38 : player: played "Chord Overstreet - Hold On (TRADUÇÃO LEGENDADO) PT-BR.mp3"
Sep 27 20:43 : player: played "Daniel e natalia 2011 - Eu queria nascer no céu-Hino Avulso  (me leva pro céu ).mp3"
Sep 27 20:49 : player: played "Davi Sacer - Deus de Promessas part. Simone (15 Anos) [Vídeo Oficial].mp3"
Sep 27 20:54 : player: played "Eu Navegarei - Com letra da música - HD.mp3"
Sep 27 21:00 : player: played "Gabriela Gomes - Deus Proverá.mp3"
Sep 27 21:15 : player: played "Juliano Son   Lindo és + Só Quero Ver Você (Livres Ao Vivo Em São Paulo).mp3"
Sep 27 21:46 : player: played "Kemuel - Algo Novo (Ao Vivo) ft. Lukas Agustinho.mp3"
Sep 27 21:52 : player: played "Kina - Can We Kiss Forever (ft. Adriana Proenza).mp3"
Sep 27 21:55 : player: played "Lewis Capaldi - Someone You Loved (Tradução).mp3"
Sep 27 22:02 : player: played "Midian Lima - Jó - COM LETRA (VideoLETRA® oficial MK Music).mp3"
Sep 27 22:04 : player: played "mxmtoon – feelings are fatal [ LEGENDADO ].mp3"
Sep 27 22:08 : player: played "NF - Can You Hold Me (Audio) ft. Britt Nicole- Tradução.mp3"
Sep 27 22:12 : player: played "NF - Trauma (Tradução).mp3"
Sep 27 22:18 : player: played "Perto quero estar.mp3"
Sep 27 22:24 : player: played "Saturn - Sleeping At Last   Tradução  Legendado PT BR.mp3"
Sep 27 22:24 : player: played "Saturn - Sleeping At Last (TRADUÇÃO LEGENDADO) PT-BR.mp3"
Sep 27 22:24 : player: played "A Casa É Sua - Casa Worship (Clipe Oficial).mp3"
Sep 28 07:29 : player: played "A Casa É Sua - Casa Worship (Clipe Oficial).mp3"
Sep 28 13:19 : player: played "Davi Sacer - Deus de Promessas part. Simone (15 Anos) [Vídeo Oficial].mp3"
Sep 28 13:19 : player: played "Eu Navegarei - Com letra da música - HD.mp3"
Sep 28 20:18 : player: played "Eu Navegarei - Com letra da música - HD.mp3"
Sep 28 20:24 : player: played "Gabriela Gomes - Deus Proverá.mp3"
Sep 28 20:31 : player: played "GABRIELA ROCHA - EU NAVEGAREI (CLIPE OFICIAL)   EP CÉU.mp3"
Sep 28 20:39 : player: played "Juliano Son   Lindo és + Só Quero Ver Você (Livres Ao Vivo Em São Paulo).mp3"
Sep 28 20:48 : player: played "Kemuel - Algo Novo (Ao Vivo) ft. Lukas Agustinho.mp3"
Sep 28 20:51 : player: played "Kina - Can We Kiss Forever (ft. Adriana Proenza).mp3"
Sep 28 20:54 : player: played "Lewis Capaldi - Someone You Loved (Tradução).mp3"
Sep 28 21:18 : exception: Failed to play on "pulse audio" (pulse): suspended
Sep 28 21:23 : player: played "LUGAR SECRETO   CLIPE OFICIAL   EP CÉU   GABRIELA ROCHA.mp3"
Sep 28 21:29 : player: played "Maranata   Avivah (Feat. Fernanda Madaloni).mp3"
Sep 28 21:34 : player: played "Midian Lima - Jó - COM LETRA (VideoLETRA® oficial MK Music).mp3"
Sep 28 21:47 : player: played "Ministério Zoe - Aquieta Minh'alma (Video Oficial).mp3"
Sep 28 21:49 : player: played "mxmtoon – feelings are fatal [ LEGENDADO ].mp3"
Sep 28 21:52 : player: played "NF - Can You Hold Me (Audio) ft. Britt Nicole- Tradução.mp3"
Sep 28 21:57 : player: played "NF - Trauma (Tradução).mp3"
Sep 28 22:01 : player: played "Preto no Branco - Ninguém Explica Deus (Ao Vivo) ft. Gabriela Rocha.mp3"
Sep 28 22:06 : player: played "Preto no Branco - Ninguém Explica Deus (Ao Vivo) ft. Gabriela Rocha.mp3"
Sep 29 13:17 : player: played "Preto no Branco - Ninguém Explica Deus (Ao Vivo) ft. Gabriela Rocha.mp3"
Sep 29 13:21 : player: played "Saturn - Sleeping At Last   Tradução  Legendado PT BR.mp3"
Sep 29 13:21 : player: played "Saturn - Sleeping At Last (TRADUÇÃO LEGENDADO) PT-BR.mp3"
Sep 29 13:27 : player: played "Saturn - Sleeping At Last (TRADUÇÃO LEGENDADO) PT-BR.mp3"
